0 info it worked if it ends with ok
1 verbose cli [ '/home/takashi/.nvm/v0.10.32/bin/node',
1 verbose cli   '/home/takashi/.nvm/v0.10.32/bin/npm',
1 verbose cli   'run',
1 verbose cli   'test' ]
2 info using npm@1.4.28
3 info using node@v0.10.32
4 verbose run-script [ 'pretest', 'test', 'posttest' ]
5 info pretest redis.io@1.0.0
6 info test redis.io@1.0.0
7 verbose unsafe-perm in lifecycle true
8 info redis.io@1.0.0 Failed to exec test script
9 error redis.io@1.0.0 test: `mocha --compilers coffee:coffee-script/register`
9 error Exit status 1
10 error Failed at the redis.io@1.0.0 test script.
10 error This is most likely a problem with the redis.io package,
10 error not with npm itself.
10 error Tell the author that this fails on your system:
10 error     mocha --compilers coffee:coffee-script/register
10 error You can get their info via:
10 error     npm owner ls redis.io
10 error There is likely additional logging output above.
11 error System Linux 3.13.0-32-generic
12 error command "/home/takashi/.nvm/v0.10.32/bin/node" "/home/takashi/.nvm/v0.10.32/bin/npm" "run" "test"
13 error cwd /tmp/redis.io
14 error node -v v0.10.32
15 error npm -v 1.4.28
16 error code ELIFECYCLE
17 verbose exit [ 1, true ]
